[debug] [2023-09-13T15:08:15.121Z] ----------------------------------------------------------------------
[debug] [2023-09-13T15:08:15.124Z] Command:       C:\Program Files\nodejs\node.exe C:\Users\Saurabh kumar\AppData\Roaming\npm\node_modules\firebase-tools\lib\bin\firebase.js deploy
[debug] [2023-09-13T15:08:15.124Z] CLI Version:   12.4.3
[debug] [2023-09-13T15:08:15.125Z] Platform:      win32
[debug] [2023-09-13T15:08:15.125Z] Node Version:  v18.13.0
[debug] [2023-09-13T15:08:15.126Z] Time:          Wed Sep 13 2023 20:38:15 GMT+0530 (India Standard Time)
[debug] [2023-09-13T15:08:15.126Z] ----------------------------------------------------------------------
[debug] 
[debug] [2023-09-13T15:08:15.219Z] > command requires scopes: ["email","openid","https://www.googleapis.com/auth/cloudplatformprojects.readonly","https://www.googleapis.com/auth/firebase","https://www.googleapis.com/auth/cloud-platform"]
[debug] [2023-09-13T15:08:15.220Z] > authorizing via signed-in user (saurabh.mca22@cs.du.ac.in)
[debug] [2023-09-13T15:08:15.220Z] [iam] checking project userfacetoa for permissions ["firebase.projects.get","firebasehosting.sites.update"]
[debug] [2023-09-13T15:08:15.223Z] >>> [apiv2][query] POST https://cloudresourcemanager.googleapis.com/v1/projects/userfacetoa:testIamPermissions [none]
[debug] [2023-09-13T15:08:15.223Z] >>> [apiv2][(partial)header] POST https://cloudresourcemanager.googleapis.com/v1/projects/userfacetoa:testIamPermissions x-goog-quota-user=projects/userfacetoa
[debug] [2023-09-13T15:08:15.224Z] >>> [apiv2][body] POST https://cloudresourcemanager.googleapis.com/v1/projects/userfacetoa:testIamPermissions {"permissions":["firebase.projects.get","firebasehosting.sites.update"]}
[debug] [2023-09-13T15:08:17.035Z] <<< [apiv2][status] POST https://cloudresourcemanager.googleapis.com/v1/projects/userfacetoa:testIamPermissions 200
[debug] [2023-09-13T15:08:17.036Z] <<< [apiv2][body] POST https://cloudresourcemanager.googleapis.com/v1/projects/userfacetoa:testIamPermissions {}
[debug] [2023-09-13T15:08:17.036Z] [iam] error while checking permissions, command may fail: FirebaseError: Authorization failed. This account is missing the following required permissions on project userfacetoa:

  firebase.projects.get
  firebasehosting.sites.update
[debug] [2023-09-13T15:08:17.037Z] >>> [apiv2][query] GET https://firebase.googleapis.com/v1beta1/projects/userfacetoa [none]
[debug] [2023-09-13T15:08:17.728Z] <<< [apiv2][status] GET https://firebase.googleapis.com/v1beta1/projects/userfacetoa 403
[debug] [2023-09-13T15:08:17.728Z] <<< [apiv2][body] GET https://firebase.googleapis.com/v1beta1/projects/userfacetoa {"error":{"code":403,"message":"The caller does not have permission","status":"PERMISSION_DENIED"}}
[debug] [2023-09-13T15:08:17.729Z] HTTP Error: 403, The caller does not have permission
[debug] [2023-09-13T15:08:18.021Z] FirebaseError: HTTP Error: 403, The caller does not have permission
    at responseToError (C:\Users\Saurabh kumar\AppData\Roaming\npm\node_modules\firebase-tools\lib\responseToError.js:49:12)
    at RetryOperation._fn (C:\Users\Saurabh kumar\AppData\Roaming\npm\node_modules\firebase-tools\lib\apiv2.js:288:77)
    at process.processTicksAndRejections (node:internal/process/task_queues:95:5)
[error] 
[error] Error: Failed to get Firebase project userfacetoa. Please make sure the project exists and your account has permission to access it.
